<?xml version="1.0" encoding="UTF-8"?>
<robot generator="Robot 3.0.4 (Python 3.6.5 on linux)" generated="20180511 00:12:09.990">
<suite id="s1" name="Google" source="/home/jjeaby/Dev/JRF/robot/sample/google.robot">
<test id="s1-t1" name="Test title">
<kw name="Test" library="selenium">
<msg timestamp="20180511 00:12:10.078" level="INFO">asdfasfd</msg>
<status status="PASS" starttime="20180511 00:12:10.078" endtime="20180511 00:12:10.078"></status>
</kw>
<kw name="Open Browser" library="Selenium2Library">
<doc>Opens a new browser instance to the given ``url``.</doc>
<arguments>
<arg>${접속 URL}</arg>
<arg>browser=ff</arg>
</arguments>
<msg timestamp="20180511 00:12:10.078" level="INFO">Opening browser 'ff' to base url 'http://google.co.kr'.</msg>
<kw name="Capture Page Screenshot" library="Selenium2Library">
<doc>Takes screenshot of the current page and embeds it into log file.</doc>
<msg timestamp="20180511 00:12:10.082" level="INFO">Cannot capture screenshot because no browser is open.</msg>
<status status="PASS" starttime="20180511 00:12:10.082" endtime="20180511 00:12:10.082"></status>
</kw>
<msg timestamp="20180511 00:12:10.083" level="FAIL">WebDriverException: Message: 'geckodriver' executable needs to be in PATH. 
</msg>
<status status="FAIL" starttime="20180511 00:12:10.078" endtime="20180511 00:12:10.083"></status>
</kw>
<status status="FAIL" starttime="20180511 00:12:10.077" endtime="20180511 00:12:10.083" critical="yes">WebDriverException: Message: 'geckodriver' executable needs to be in PATH. 
</status>
</test>
<doc>Sample Robot Framework</doc>
<status status="FAIL" starttime="20180511 00:12:09.991" endtime="20180511 00:12:10.084"></status>
</suite>
<statistics>
<total>
<stat pass="0" fail="1">Critical Tests</stat>
<stat pass="0" fail="1">All Tests</stat>
</total>
<tag>
</tag>
<suite>
<stat pass="0" fail="1" id="s1" name="Google">Google</stat>
</suite>
</statistics>
<errors>
</errors>
</robot>
